<?xml version="1.0" encoding="UTF-8" ?>
<testsuite tests="62" failures="1" name="TestSuite" time="47.666" errors="0" skipped="61">
  <properties>
    <property name="java.runtime.name" value="Java(TM) SE Runtime Environment"/>
    <property name="sun.boot.library.path" value="/Library/Java/JavaVirtualMachines/jdk1.8.0_121.jdk/Contents/Home/jre/lib"/>
    <property name="java.vm.version" value="25.121-b13"/>
    <property name="user.country.format" value="IN"/>
    <property name="gopherProxySet" value="false"/>
    <property name="java.vm.vendor" value="Oracle Corporation"/>
    <property name="maven.multiModuleProjectDirectory" value="/Users/manmeet/Documents/workspace/Finanasme_AutomationSuite"/>
    <property name="java.vendor.url" value="http://java.oracle.com/"/>
    <property name="path.separator" value=":"/>
    <property name="guice.disable.misplaced.annotation.check" value="true"/>
    <property name="java.vm.name" value="Java HotSpot(TM) 64-Bit Server VM"/>
    <property name="file.encoding.pkg" value="sun.io"/>
    <property name="user.country" value="US"/>
    <property name="sun.java.launcher" value="SUN_STANDARD"/>
    <property name="sun.os.patch.level" value="unknown"/>
    <property name="java.vm.specification.name" value="Java Virtual Machine Specification"/>
    <property name="user.dir" value="/Users/manmeet/Documents/workspace/Finanasme_AutomationSuite"/>
    <property name="java.runtime.version" value="1.8.0_121-b13"/>
    <property name="java.awt.graphicsenv" value="sun.awt.CGraphicsEnvironment"/>
    <property name="java.endorsed.dirs" value="/Library/Java/JavaVirtualMachines/jdk1.8.0_121.jdk/Contents/Home/jre/lib/endorsed"/>
    <property name="os.arch" value="x86_64"/>
    <property name="java.io.tmpdir" value="/var/folders/bw/xtfdwdns7md_j8lb33lszn9h0000gp/T/"/>
    <property name="line.separator" value="
"/>
    <property name="java.vm.specification.vendor" value="Oracle Corporation"/>
    <property name="os.name" value="Mac OS X"/>
    <property name="classworlds.conf" value="/Users/manmeet/Documents/workspace/.metadata/.plugins/org.eclipse.m2e.launching/launches/m2conf4044463527192900046.tmp"/>
    <property name="sun.jnu.encoding" value="UTF-8"/>
    <property name="java.library.path" value="/Users/manmeet/Library/Java/Extensions:/Library/Java/Extensions:/Network/Library/Java/Extensions:/System/Library/Java/Extensions:/usr/lib/java:."/>
    <property name="java.specification.name" value="Java Platform API Specification"/>
    <property name="java.class.version" value="52.0"/>
    <property name="sun.management.compiler" value="HotSpot 64-Bit Tiered Compilers"/>
    <property name="os.version" value="10.12.4"/>
    <property name="http.nonProxyHosts" value="local|*.local|169.254/16|*.169.254/16"/>
    <property name="user.home" value="/Users/manmeet"/>
    <property name="user.timezone" value="Asia/Kolkata"/>
    <property name="java.awt.printerjob" value="sun.lwawt.macosx.CPrinterJob"/>
    <property name="java.specification.version" value="1.8"/>
    <property name="file.encoding" value="UTF-8"/>
    <property name="user.name" value="manmeet"/>
    <property name="java.class.path" value="/Users/manmeet/Downloads/Selenium/Eclipse.app/Contents/Eclipse/plugins/org.eclipse.m2e.maven.runtime_1.8.0.20160921-2001/jars/plexus-classworlds-2.5.2.jar"/>
    <property name="java.vm.specification.version" value="1.8"/>
    <property name="sun.arch.data.model" value="64"/>
    <property name="java.home" value="/Library/Java/JavaVirtualMachines/jdk1.8.0_121.jdk/Contents/Home/jre"/>
    <property name="sun.java.command" value="org.codehaus.plexus.classworlds.launcher.Launcher -B test"/>
    <property name="java.specification.vendor" value="Oracle Corporation"/>
    <property name="user.language" value="en"/>
    <property name="awt.toolkit" value="sun.lwawt.macosx.LWCToolkit"/>
    <property name="java.vm.info" value="mixed mode"/>
    <property name="java.version" value="1.8.0_121"/>
    <property name="java.ext.dirs" value="/Users/manmeet/Library/Java/Extensions:/Library/Java/JavaVirtualMachines/jdk1.8.0_121.jdk/Contents/Home/jre/lib/ext:/Library/Java/Extensions:/Network/Library/Java/Extensions:/System/Library/Java/Extensions:/usr/lib/java"/>
    <property name="sun.boot.class.path" value="/Library/Java/JavaVirtualMachines/jdk1.8.0_121.jdk/Contents/Home/jre/lib/resources.jar:/Library/Java/JavaVirtualMachines/jdk1.8.0_121.jdk/Contents/Home/jre/lib/rt.jar:/Library/Java/JavaVirtualMachines/jdk1.8.0_121.jdk/Contents/Home/jre/lib/sunrsasign.jar:/Library/Java/JavaVirtualMachines/jdk1.8.0_121.jdk/Contents/Home/jre/lib/jsse.jar:/Library/Java/JavaVirtualMachines/jdk1.8.0_121.jdk/Contents/Home/jre/lib/jce.jar:/Library/Java/JavaVirtualMachines/jdk1.8.0_121.jdk/Contents/Home/jre/lib/charsets.jar:/Library/Java/JavaVirtualMachines/jdk1.8.0_121.jdk/Contents/Home/jre/lib/jfr.jar:/Library/Java/JavaVirtualMachines/jdk1.8.0_121.jdk/Contents/Home/jre/classes"/>
    <property name="java.vendor" value="Oracle Corporation"/>
    <property name="maven.home" value="/Users/manmeet/Documents/workspace/Finanasme_AutomationSuite/EMBEDDED"/>
    <property name="file.separator" value="/"/>
    <property name="java.vendor.url.bug" value="http://bugreport.sun.com/bugreport/"/>
    <property name="sun.cpu.endian" value="little"/>
    <property name="sun.io.unicode.encoding" value="UnicodeBig"/>
    <property name="socksNonProxyHosts" value="local|*.local|169.254/16|*.169.254/16"/>
    <property name="ftp.nonProxyHosts" value="local|*.local|169.254/16|*.169.254/16"/>
    <property name="sun.cpu.isalist" value=""/>
  </properties>
  <testcase classname="tests.HomePageTest" name="initializeBrowser" time="23.823">
    <failure type="java.lang.NullPointerException">java.lang.NullPointerException
	at utils.BrowserFactory.initializeBrowser(BrowserFactory.java:29)
	at sun.reflect.NativeMethodAccessorImpl.invoke0(Native Method)
	at sun.reflect.NativeMethodAccessorImpl.invoke(NativeMethodAccessorImpl.java:62)
	at sun.reflect.DelegatingMethodAccessorImpl.invoke(DelegatingMethodAccessorImpl.java:43)
	at java.lang.reflect.Method.invoke(Method.java:498)
	at org.testng.internal.MethodInvocationHelper.invokeMethod(MethodInvocationHelper.java:84)
	at org.testng.internal.Invoker.invokeConfigurationMethod(Invoker.java:564)
	at org.testng.internal.Invoker.invokeConfigurations(Invoker.java:213)
	at org.testng.internal.Invoker.invokeConfigurations(Invoker.java:138)
	at org.testng.internal.TestMethodWorker.invokeBeforeClassMethods(TestMethodWorker.java:175)
	at org.testng.internal.TestMethodWorker.run(TestMethodWorker.java:107)
	at org.testng.TestRunner.privateRun(TestRunner.java:767)
	at org.testng.TestRunner.run(TestRunner.java:617)
	at org.testng.SuiteRunner.runTest(SuiteRunner.java:348)
	at org.testng.SuiteRunner.runSequentially(SuiteRunner.java:343)
	at org.testng.SuiteRunner.privateRun(SuiteRunner.java:305)
	at org.testng.SuiteRunner.run(SuiteRunner.java:254)
	at org.testng.SuiteRunnerWorker.runSuite(SuiteRunnerWorker.java:52)
	at org.testng.SuiteRunnerWorker.run(SuiteRunnerWorker.java:86)
	at org.testng.TestNG.runSuitesSequentially(TestNG.java:1224)
	at org.testng.TestNG.runSuitesLocally(TestNG.java:1149)
	at org.testng.TestNG.run(TestNG.java:1057)
	at org.apache.maven.surefire.testng.TestNGExecutor.run(TestNGExecutor.java:77)
	at org.apache.maven.surefire.testng.TestNGDirectoryTestSuite.executeMulti(TestNGDirectoryTestSuite.java:159)
	at org.apache.maven.surefire.testng.TestNGDirectoryTestSuite.execute(TestNGDirectoryTestSuite.java:99)
	at org.apache.maven.surefire.testng.TestNGProvider.invoke(TestNGProvider.java:106)
	at sun.reflect.NativeMethodAccessorImpl.invoke0(Native Method)
	at sun.reflect.NativeMethodAccessorImpl.invoke(NativeMethodAccessorImpl.java:62)
	at sun.reflect.DelegatingMethodAccessorImpl.invoke(DelegatingMethodAccessorImpl.java:43)
	at java.lang.reflect.Method.invoke(Method.java:498)
	at org.apache.maven.surefire.util.ReflectionUtils.invokeMethodWithArray(ReflectionUtils.java:189)
	at org.apache.maven.surefire.booter.ProviderFactory$ProviderProxy.invoke(ProviderFactory.java:165)
	at org.apache.maven.surefire.booter.ProviderFactory.invokeProvider(ProviderFactory.java:85)
	at org.apache.maven.surefire.booter.ForkedBooter.runSuitesInProcess(ForkedBooter.java:115)
	at org.apache.maven.surefire.booter.ForkedBooter.main(ForkedBooter.java:75)
</failure>
    <system-out>Configuring TestNG with: org.apache.maven.surefire.testng.conf.TestNG652Configurator@6073f712
staging: 1Lnq524qjzBo0a3Cmnc3JMzb5ZKcRxRydWg9Vcm9BdOc
Reading Data For : emailList
com.google.api.client.googleapis.json.GoogleJsonResponseException: 400 Bad Request
{
  &quot;code&quot; : 400,
  &quot;errors&quot; : [ {
    &quot;domain&quot; : &quot;global&quot;,
    &quot;message&quot; : &quot;Unable to parse range: emailList&quot;,
    &quot;reason&quot; : &quot;badRequest&quot;
  } ],
  &quot;message&quot; : &quot;Unable to parse range: emailList&quot;,
  &quot;status&quot; : &quot;INVALID_ARGUMENT&quot;
}


Reading Data For : Helper
Reading Data For : SignInAsFinanceElements
Reading Data For : SignInAsFinanceValidator
Reading Data For : SignInAsScmElements
Reading Data For : SignInAsScmValidator
Reading Data For : HomePageElements
Reading Data For : HomePageValidator
Reading Data For : SignInAsNbfcManagerElements
Reading Data For : SignInAsNbfcManagerValidator
Reading Data For : SignInAsNbfcMangerElements
com.google.api.client.googleapis.json.GoogleJsonResponseException: 400 Bad Request
{
  &quot;code&quot; : 400,
  &quot;errors&quot; : [ {
    &quot;domain&quot; : &quot;global&quot;,
    &quot;message&quot; : &quot;Unable to parse range: SignInAsNbfcMangerElements&quot;,
    &quot;reason&quot; : &quot;badRequest&quot;
  } ],
  &quot;message&quot; : &quot;Unable to parse range: SignInAsNbfcMangerElements&quot;,
  &quot;status&quot; : &quot;INVALID_ARGUMENT&quot;
}
Reading Data For : SignInAsNbfcMangerValidator
com.google.api.client.googleapis.json.GoogleJsonResponseException: 400 Bad Request
{
  &quot;code&quot; : 400,
  &quot;errors&quot; : [ {
    &quot;domain&quot; : &quot;global&quot;,
    &quot;message&quot; : &quot;Unable to parse range: SignInAsNbfcMangerValidator&quot;,
    &quot;reason&quot; : &quot;badRequest&quot;
  } ],
  &quot;message&quot; : &quot;Unable to parse range: SignInAsNbfcMangerValidator&quot;,
  &quot;status&quot; : &quot;INVALID_ARGUMENT&quot;
}
Reading Data For : SignInAsAuditorElements
Reading Data For : SignInAsAuditorValidator
Reading Data For : SignInAsSalesElements
Reading Data For : SignInAsSalesValidator
</system-out>
  </testcase>
  <testcase classname="tests.HomePageTest" name="openURL" time="23.826">
    <skipped/>
  </testcase>
  <testcase classname="tests.HomePageTest" name="verifyValidHomePage" time="0">
    <skipped/>
  </testcase>
  <testcase classname="tests.SignInAsAuditorTest" name="initializeBrowser" time="0">
    <skipped/>
  </testcase>
  <testcase classname="tests.SignInAsAuditorTest" name="openURL" time="0.001">
    <skipped/>
  </testcase>
  <testcase classname="tests.SignInAsAuditorTest" name="verifySignInAsAuditor" time="0">
    <skipped/>
  </testcase>
  <testcase classname="tests.SignInAsFinanceTest" name="initializeBrowser" time="0">
    <skipped/>
  </testcase>
  <testcase classname="tests.SignInAsFinanceTest" name="openURL" time="0">
    <skipped/>
  </testcase>
  <testcase classname="tests.SignInAsFinanceTest" name="verifySignInAsFinance" time="0">
    <skipped/>
  </testcase>
  <testcase classname="tests.SignInAsNbfcMangerTest" name="initializeBrowser" time="0">
    <skipped/>
  </testcase>
  <testcase classname="tests.SignInAsNbfcMangerTest" name="openURL" time="0">
    <skipped/>
  </testcase>
  <testcase classname="tests.SignInAsNbfcMangerTest" name="verifySignInAsNbfcManager" time="0.001">
    <skipped/>
  </testcase>
  <testcase classname="tests.SignInAsSalesTest" name="initializeBrowser" time="0.002">
    <skipped/>
  </testcase>
  <testcase classname="tests.SignInAsSalesTest" name="openURL" time="0.003">
    <skipped/>
  </testcase>
  <testcase classname="tests.SignInAsSalesTest" name="verifySignInAsSales" time="0">
    <skipped/>
  </testcase>
  <testcase classname="tests.SignInAsScmTest" name="initializeBrowser" time="0">
    <skipped/>
  </testcase>
  <testcase classname="tests.SignInAsScmTest" name="openURL" time="0">
    <skipped/>
  </testcase>
  <testcase classname="tests.SignInAsScmTest" name="verifySignInAsScm" time="0">
    <skipped/>
  </testcase>
  <testcase classname="tests.HomePageTest" name="openURL" time="0">
    <skipped/>
  </testcase>
  <testcase classname="tests.HomePageTest" name="verifyApplyForLoan" time="0">
    <skipped/>
  </testcase>
  <testcase classname="tests.SignInAsFinanceTest" name="verifySignedInUsername" time="0">
    <skipped/>
  </testcase>
  <testcase classname="tests.HomePageTest" name="openURL" time="0.001">
    <skipped/>
  </testcase>
  <testcase classname="tests.HomePageTest" name="verifyIncorrectLogin" time="0">
    <skipped/>
  </testcase>
  <testcase classname="tests.SignInAsFinanceTest" name="processAppliedLoan" time="0">
    <skipped/>
  </testcase>
  <testcase classname="tests.SignInAsFinanceTest" name="verifyContinueOnAccountInfoPage" time="0">
    <skipped/>
  </testcase>
  <testcase classname="tests.HomePageTest" name="openURL" time="0">
    <skipped/>
  </testcase>
  <testcase classname="tests.HomePageTest" name="verifyAutoSlidingOfBanners" time="0">
    <skipped/>
  </testcase>
  <testcase classname="tests.HomePageTest" name="openURL" time="0.001">
    <skipped/>
  </testcase>
  <testcase classname="tests.HomePageTest" name="verifyRequestCallOnHomePage" time="0">
    <skipped/>
  </testcase>
  <testcase classname="tests.HomePageTest" name="openURL" time="0">
    <skipped/>
  </testcase>
  <testcase classname="tests.HomePageTest" name="verifySignInAsFinance" time="0">
    <skipped/>
  </testcase>
  <testcase classname="tests.SignInAsFinanceTest" name="verifyContinueOnBasicsInfoPage" time="0">
    <skipped/>
  </testcase>
  <testcase classname="tests.HomePageTest" name="openURL" time="0.001">
    <skipped/>
  </testcase>
  <testcase classname="tests.HomePageTest" name="verifyBannerImages" time="0">
    <skipped/>
  </testcase>
  <testcase classname="tests.HomePageTest" name="openURL" time="0">
    <skipped/>
  </testcase>
  <testcase classname="tests.HomePageTest" name="verifyMyAccountOnHomePage" time="0">
    <skipped/>
  </testcase>
  <testcase classname="tests.SignInAsFinanceTest" name="verifySaveAndContinueOnFinancialInfoPage" time="0">
    <skipped/>
  </testcase>
  <testcase classname="tests.HomePageTest" name="openURL" time="0">
    <skipped/>
  </testcase>
  <testcase classname="tests.HomePageTest" name="verifySideUpperBanner" time="0.001">
    <skipped/>
  </testcase>
  <testcase classname="tests.HomePageTest" name="openURL" time="0.001">
    <skipped/>
  </testcase>
  <testcase classname="tests.HomePageTest" name="verifyTrackOrderForBlankOrderId" time="0">
    <skipped/>
  </testcase>
  <testcase classname="tests.SignInAsFinanceTest" name="enterAccountNoUnderBankStatement" time="0">
    <skipped/>
  </testcase>
  <testcase classname="tests.SignInAsFinanceTest" name="selectBankName" time="0">
    <skipped/>
  </testcase>
  <testcase classname="tests.SignInAsFinanceTest" name="selectMonth" time="0">
    <skipped/>
  </testcase>
  <testcase classname="tests.HomePageTest" name="openURL" time="0.002">
    <skipped/>
  </testcase>
  <testcase classname="tests.HomePageTest" name="verifyRegisterButtonLink" time="0">
    <skipped/>
  </testcase>
  <testcase classname="tests.SignInAsFinanceTest" name="selectYear" time="0">
    <skipped/>
  </testcase>
  <testcase classname="tests.HomePageTest" name="openURL" time="0.001">
    <skipped/>
  </testcase>
  <testcase classname="tests.HomePageTest" name="verifyQuickViewOfProductOnHomePage" time="0">
    <skipped/>
  </testcase>
  <testcase classname="tests.SignInAsFinanceTest" name="selectToMonth" time="0">
    <skipped/>
  </testcase>
  <testcase classname="tests.HomePageTest" name="openURL" time="0">
    <skipped/>
  </testcase>
  <testcase classname="tests.HomePageTest" name="verifyAddToCartFromQuickView" time="0">
    <skipped/>
  </testcase>
  <testcase classname="tests.SignInAsFinanceTest" name="selectToYear" time="0">
    <skipped/>
  </testcase>
  <testcase classname="tests.HomePageTest" name="openURL" time="0.001">
    <skipped/>
  </testcase>
  <testcase classname="tests.HomePageTest" name="verifyProductRedirectionFromQuickView" time="0">
    <skipped/>
  </testcase>
  <testcase classname="tests.SignInAsFinanceTest" name="clickOnGenerateBankStatement" time="0">
    <skipped/>
  </testcase>
  <testcase classname="tests.HomePageTest" name="openURL" time="0.001">
    <skipped/>
  </testcase>
  <testcase classname="tests.HomePageTest" name="verifyViewDetailsRedirectionFromQuickView" time="0">
    <skipped/>
  </testcase>
  <testcase classname="tests.SignInAsFinanceTest" name="saveBankStatement" time="0">
    <skipped/>
  </testcase>
  <testcase classname="tests.SignInAsFinanceTest" name="submitBankStatement" time="0">
    <skipped/>
  </testcase>
  <testcase classname="tests.SignInAsFinanceTest" name="fetchprobeData" time="0">
    <skipped/>
  </testcase>
  <testcase classname="tests.SignInAsFinanceTest" name="loginAsScm" time="0">
    <skipped/>
  </testcase>
</testsuite>